Using pre-set license
Built from '2020.3/staging' branch; Version is '2020.3.8f1 (507919d4fff5) revision 5273881'; Using compiler version '192528614'; Build Type 'Release'
OS: 'Windows 10 Education; OS build 19041.1110; Version 2004; 64bit' Language: 'en' Physical Memory: 32717 MB
BatchMode: 1, IsHumanControllingUs: 0, StartBugReporterOnCrash: 0, Is64bit: 1, IsPro: 0

 COMMAND LINE ARGUMENTS:
C:\Program Files\Unity\Hub\Editor\2020.3.8f1\Editor\Unity.exe
-adb2
-batchMode
-noUpm
-name
AssetImportWorker0
-projectPath
F:/GitHub/Stuck-In-Engineering
-logFile
Logs/AssetImportWorker0.log
-srvPort
50548
Successfully changed project path to: F:/GitHub/Stuck-In-Engineering
F:/GitHub/Stuck-In-Engineering
Using Asset Import Pipeline V2.
Refreshing native plugins compatible for Editor in 30.43 ms, found 1 plugins.
Preloading 0 native plugins for Editor in 0.00 ms.
Initialize engine version: 2020.3.8f1 (507919d4fff5)
[Subsystems] Discovering subsystems at path C:/Program Files/Unity/Hub/Editor/2020.3.8f1/Editor/Data/Resources/UnitySubsystems
[Subsystems] Discovering subsystems at path F:/GitHub/Stuck-In-Engineering/Assets
GfxDevice: creating device client; threaded=0
Direct3D:
    Version:  Direct3D 11.0 [level 11.1]
    Renderer: NVIDIA GeForce RTX 2070 SUPER (ID=0x1e84)
    Vendor:   
    VRAM:     8011 MB
    Driver:   30.0.14.7111
Initialize mono
Mono path[0] = 'C:/Program Files/Unity/Hub/Editor/2020.3.8f1/Editor/Data/Managed'
Mono path[1] = 'C:/Program Files/Unity/Hub/Editor/2020.3.8f1/Editor/Data/MonoBleedingEdge/lib/mono/unityjit'
Mono config path = 'C:/Program Files/Unity/Hub/Editor/2020.3.8f1/Editor/Data/MonoBleedingEdge/etc'
Using monoOptions --debugger-agent=transport=dt_socket,embedding=1,server=y,suspend=n,address=127.0.0.1:56276
Begin MonoManager ReloadAssembly
Registering precompiled unity dll's ...
Register platform support module: C:/Program Files/Unity/Hub/Editor/2020.3.8f1/Editor/Data/PlaybackEngines/WindowsStandaloneSupport/UnityEditor.WindowsStandalone.Extensions.dll
Registered in 0.001591 seconds.
Native extension for WindowsStandalone target not found
Refreshing native plugins compatible for Editor in 31.77 ms, found 1 plugins.
Preloading 0 native plugins for Editor in 0.00 ms.
Mono: successfully reloaded assembly
- Completed reload, in  0.977 seconds
Platform modules already initialized, skipping
Registering precompiled user dll's ...
Registered in 0.000473 seconds.
Begin MonoManager ReloadAssembly
Native extension for WindowsStandalone target not found
Refreshing native plugins compatible for Editor in 31.12 ms, found 1 plugins.
Preloading 0 native plugins for Editor in 0.00 ms.
Mono: successfully reloaded assembly
- Completed reload, in  0.780 seconds
Platform modules already initialized, skipping
========================================================================
Worker process is ready to serve import requests
Launched and connected shader compiler UnityShaderCompiler.exe after 0.04 seconds
Refreshing native plugins compatible for Editor in 0.32 ms, found 1 plugins.
Preloading 0 native plugins for Editor in 0.00 ms.
Unloading 1825 Unused Serialized files (Serialized files now loaded: 0)
System memory in use before: 85.6 MB.
System memory in use after: 85.5 MB.

Unloading 24 unused Assets to reduce memory usage. Loaded Objects now: 2271.
Total: 1.679500 ms (FindLiveObjects: 0.141900 ms CreateObjectMapping: 0.038800 ms MarkObjects: 1.393900 ms  DeleteObjects: 0.104000 ms)

========================================================================
Received Import Request.
  path: Assets/Scripts/Inventory/Inventory.cs
  artifactKey: Guid(407ed6fb4ea48b045bb4cebe2c07d394) Importer(815301076,1909f56bfc062723c751e8b465ee728b)
Start importing Assets/Scripts/Inventory/Inventory.cs using Guid(407ed6fb4ea48b045bb4cebe2c07d394) Importer(815301076,1909f56bfc062723c751e8b465ee728b)  -> (artifact id: 'be5f6f9d71edc2da56133444733555e8') in 0.025824 seconds
  Import took 0.043591 seconds .

========================================================================
Received Import Request.
  Time since last request: 2.296139 seconds.
  path: Assets/Scripts/Inventory/Inventory.cs
  artifactKey: Guid(407ed6fb4ea48b045bb4cebe2c07d394) Importer(815301076,1909f56bfc062723c751e8b465ee728b)
Start importing Assets/Scripts/Inventory/Inventory.cs using Guid(407ed6fb4ea48b045bb4cebe2c07d394) Importer(815301076,1909f56bfc062723c751e8b465ee728b)  -> (artifact id: '8d95a9cf21fb7d6c1f9c3253eeec047c') in 0.001278 seconds
  Import took 0.007480 seconds .

========================================================================
Received Import Request.
  Time since last request: 25.177627 seconds.
  path: Assets/Scripts/Inventory/Inventory.cs
  artifactKey: Guid(407ed6fb4ea48b045bb4cebe2c07d394) Importer(815301076,1909f56bfc062723c751e8b465ee728b)
Start importing Assets/Scripts/Inventory/Inventory.cs using Guid(407ed6fb4ea48b045bb4cebe2c07d394) Importer(815301076,1909f56bfc062723c751e8b465ee728b)  -> (artifact id: 'f2b1093245557bcccdbd88cc1f23632d') in 0.001398 seconds
  Import took 0.009781 seconds .

========================================================================
Received Prepare
Registering precompiled user dll's ...
Registered in 0.000562 seconds.
Begin MonoManager ReloadAssembly
Native extension for WindowsStandalone target not found
Refreshing native plugins compatible for Editor in 0.36 ms, found 1 plugins.
Preloading 0 native plugins for Editor in 0.00 ms.
Mono: successfully reloaded assembly
- Completed reload, in  0.720 seconds
Platform modules already initialized, skipping
Refreshing native plugins compatible for Editor in 0.33 ms, found 1 plugins.
Preloading 0 native plugins for Editor in 0.00 ms.
Unloading 1820 Unused Serialized files (Serialized files now loaded: 0)
System memory in use before: 85.5 MB.
System memory in use after: 85.5 MB.

Unloading 12 unused Assets to reduce memory usage. Loaded Objects now: 2275.
Total: 1.643900 ms (FindLiveObjects: 0.148300 ms CreateObjectMapping: 0.039900 ms MarkObjects: 1.369600 ms  DeleteObjects: 0.085300 ms)

========================================================================
Received Prepare
Registering precompiled user dll's ...
Registered in 0.000661 seconds.
Begin MonoManager ReloadAssembly
Native extension for WindowsStandalone target not found
Refreshing native plugins compatible for Editor in 0.33 ms, found 1 plugins.
Preloading 0 native plugins for Editor in 0.00 ms.
Mono: successfully reloaded assembly
- Completed reload, in  0.719 seconds
Platform modules already initialized, skipping
Refreshing native plugins compatible for Editor in 0.34 ms, found 1 plugins.
Preloading 0 native plugins for Editor in 0.00 ms.
Unloading 1820 Unused Serialized files (Serialized files now loaded: 0)
System memory in use before: 85.6 MB.
System memory in use after: 85.5 MB.

Unloading 12 unused Assets to reduce memory usage. Loaded Objects now: 2279.
Total: 1.641800 ms (FindLiveObjects: 0.143600 ms CreateObjectMapping: 0.039700 ms MarkObjects: 1.369200 ms  DeleteObjects: 0.088700 ms)

AssetImportWorkerClient::OnTransportError - code=2 error=End of file
